<?xml version="1.0" encoding="UTF-8"?>
<testsuite xmlns:xsi="http://www.w3.org/2001/XMLSchema-instance" xsi:noNamespaceSchemaLocation="https://maven.apache.org/surefire/maven-surefire-plugin/xsd/surefire-test-report.xsd" name="ru.netology.statistic.RadioTest" time="0.053" tests="3" errors="0" skipped="0" failures="0">
  <properties>
[...]
</properties>
  <testcase name="testNext" classname="ru.netology.statistic.RadioTest" time="0.034"/>
  <testcase name="testPrev" classname="ru.netology.statistic.RadioTest" time="0"/>
  <testcase name="testIncreaseVolume" classname="ru.netology.statistic.RadioTest" time="0.001"/>
</testsuite>